<?xml version="1.0" encoding="UTF-8"?>
<testng-results skipped="0" failed="1" total="1" passed="0">
  <reporter-output>
  </reporter-output>
  <suite name="Default suite" duration-ms="190186" started-at="2015-10-28T15:14:21Z" finished-at="2015-10-28T15:17:31Z">
    <groups>
    </groups>
    <test name="Default test" duration-ms="190186" started-at="2015-10-28T15:14:21Z" finished-at="2015-10-28T15:17:31Z">
      <class name="com.afiliacion.TCAfiliadoNuevoFirefox">
        <test-method status="PASS" signature="setUp()[pri:0, instance:com.afiliacion.TCAfiliadoNuevoFirefox@6bf256fa]" name="setUp" is-config="true" duration-ms="8525" started-at="2015-10-28T10:14:21Z" finished-at="2015-10-28T10:14:30Z">
          <reporter-output>
          </reporter-output>
        </test-method> <!-- setUp -->
        <test-method status="FAIL" signature="tcAfiliadoNuevo()[pri:0, instance:com.afiliacion.TCAfiliadoNuevoFirefox@6bf256fa]" name="tcAfiliadoNuevo" duration-ms="180742" started-at="2015-10-28T10:14:30Z" finished-at="2015-10-28T10:17:30Z">
          <exception class="org.openqa.selenium.NoSuchElementException">
            <message>
              <![CDATA[Cannot locate element with text: ANTIOQUIA
For documentation on this error, please visit: http://seleniumhq.org/exceptions/no_such_element.html
Build info: version: '2.47.2', revision: '4d972c01cab1304452627f837654326a11eb92fe', time: '2015-09-24 09:17:17'
System info: host: 'Selenium', ip: '10.12.2.18', os.name: 'Windows 8', os.arch: 'amd64', os.version: '6.2', java.version: '1.8.0_65'
Driver info: driver.version: unknown]]>
            </message>
            <full-stacktrace>
              <![CDATA[org.openqa.selenium.NoSuchElementException: Cannot locate element with text: ANTIOQUIA
For documentation on this error, please visit: http://seleniumhq.org/exceptions/no_such_element.html
Build info: version: '2.47.2', revision: '4d972c01cab1304452627f837654326a11eb92fe', time: '2015-09-24 09:17:17'
System info: host: 'Selenium', ip: '10.12.2.18', os.name: 'Windows 8', os.arch: 'amd64', os.version: '6.2', java.version: '1.8.0_65'
Driver info: driver.version: unknown
	at org.openqa.selenium.support.ui.Select.selectByVisibleText(Select.java:150)
	at com.afiliacion.TCAfiliadoNuevoFirefox.tcAfiliadoNuevo(TCAfiliadoNuevoFirefox.java:65)
	at sun.reflect.NativeMethodAccessorImpl.invoke0(Native Method)
	at sun.reflect.NativeMethodAccessorImpl.invoke(NativeMethodAccessorImpl.java:62)
	at sun.reflect.DelegatingMethodAccessorImpl.invoke(DelegatingMethodAccessorImpl.java:43)
	at java.lang.reflect.Method.invoke(Method.java:497)
	at org.testng.internal.MethodInvocationHelper.invokeMethod(MethodInvocationHelper.java:85)
	at org.testng.internal.Invoker.invokeMethod(Invoker.java:639)
	at org.testng.internal.Invoker.invokeTestMethod(Invoker.java:816)
	at org.testng.internal.Invoker.invokeTestMethods(Invoker.java:1124)
	at org.testng.internal.TestMethodWorker.invokeTestMethods(TestMethodWorker.java:125)
	at org.testng.internal.TestMethodWorker.run(TestMethodWorker.java:108)
	at org.testng.TestRunner.privateRun(TestRunner.java:774)
	at org.testng.TestRunner.run(TestRunner.java:624)
	at org.testng.SuiteRunner.runTest(SuiteRunner.java:359)
	at org.testng.SuiteRunner.runSequentially(SuiteRunner.java:354)
	at org.testng.SuiteRunner.privateRun(SuiteRunner.java:312)
	at org.testng.SuiteRunner.run(SuiteRunner.java:261)
	at org.testng.SuiteRunnerWorker.runSuite(SuiteRunnerWorker.java:52)
	at org.testng.SuiteRunnerWorker.run(SuiteRunnerWorker.java:86)
	at org.testng.TestNG.runSuitesSequentially(TestNG.java:1215)
	at org.testng.TestNG.runSuitesLocally(TestNG.java:1140)
	at org.testng.TestNG.run(TestNG.java:1048)
	at org.testng.remote.RemoteTestNG.run(RemoteTestNG.java:112)
	at org.testng.remote.RemoteTestNG.initAndRun(RemoteTestNG.java:205)
	at org.testng.remote.RemoteTestNG.main(RemoteTestNG.java:176)
]]>
            </full-stacktrace>
          </exception> <!-- org.openqa.selenium.NoSuchElementException -->
          <reporter-output>
          </reporter-output>
        </test-method> <!-- tcAfiliadoNuevo -->
        <test-method status="PASS" signature="tearDown()[pri:0, instance:com.afiliacion.TCAfiliadoNuevoFirefox@6bf256fa]" name="tearDown" is-config="true" duration-ms="884" started-at="2015-10-28T10:17:30Z" finished-at="2015-10-28T10:17:31Z">
          <reporter-output>
          </reporter-output>
        </test-method> <!-- tearDown -->
      </class> <!-- com.afiliacion.TCAfiliadoNuevoFirefox -->
    </test> <!-- Default test -->
  </suite> <!-- Default suite -->
</testng-results>
