<?xml version="1.0" encoding="UTF-8"?>
<!-- Generated by org.testng.reporters.JUnitXMLReporter -->
<testsuite hostname="Testing" name="ChromeTest" tests="1" failures="1" timestamp="1 Oct 2015 20:37:29 GMT" time="66.115" errors="0">
  <testcase name="camposMandatoriosContactos" time="26.247" classname="com.negativos.mandatorios.TCCamposMandatoriosContactos">
    <failure type="java.lang.AssertionError" message="expected:&amp;lt;&amp;gt; but was:&amp;lt;Protección - Login&amp;gt;">
      <![CDATA[java.lang.AssertionError: expected:<> but was:<Protección - Login>
	at com.negativos.mandatorios.TCCamposMandatoriosContactos.camposMandatoriosContactos(TCCamposMandatoriosContactos.java:69)
	at java.util.concurrent.FutureTask.run(Unknown Source)
	at java.util.concurrent.ThreadPoolExecutor.runWorker(Unknown Source)
	at java.util.concurrent.ThreadPoolExecutor$Worker.run(Unknown Source)
	at java.lang.Thread.run(Unknown Source)
... Removed 18 stack frames]]>
    </failure>
  </testcase> <!-- camposMandatoriosContactos -->
</testsuite> <!-- ChromeTest -->
