<?xml version="1.0" encoding="UTF-8"?>
<!-- Generated by org.testng.reporters.JUnitXMLReporter -->
<testsuite hostname="Testing" name="SecondTest" tests="1" failures="0" timestamp="1 Oct 2015 20:13:30 GMT" time="11.517" errors="0">
  <testcase name="@BeforeTest setUp" time="0.0" classname="com.negativos.mandatorios.TCCamposMandatoriosContactos">
    <failure type="java.lang.IllegalStateException" message="The driver executable does not exist: C:\Eclipse\Selenium\Selenium\.\chromedriver.exe">
      <![CDATA[java.lang.IllegalStateException: The driver executable does not exist: C:\Eclipse\Selenium\Selenium\.\chromedriver.exe
	at com.google.common.base.Preconditions.checkState(Preconditions.java:197)
	at org.openqa.selenium.remote.service.DriverService.checkExecutable(DriverService.java:121)
	at org.openqa.selenium.remote.service.DriverService.findExecutable(DriverService.java:116)
	at org.openqa.selenium.chrome.ChromeDriverService.access$000(ChromeDriverService.java:32)
	at org.openqa.selenium.chrome.ChromeDriverService$Builder.findDefaultExecutable(ChromeDriverService.java:137)
	at org.openqa.selenium.remote.service.DriverService$Builder.build(DriverService.java:290)
	at org.openqa.selenium.chrome.ChromeDriverService.createDefaultService(ChromeDriverService.java:88)
	at org.openqa.selenium.chrome.ChromeDriver.<init>(ChromeDriver.java:116)
	at com.negativos.mandatorios.TCCamposMandatoriosContactos.setUp(TCCamposMandatoriosContactos.java:59)
	at java.util.concurrent.FutureTask.run(Unknown Source)
	at java.util.concurrent.ThreadPoolExecutor.runWorker(Unknown Source)
	at java.util.concurrent.ThreadPoolExecutor$Worker.run(Unknown Source)
	at java.lang.Thread.run(Unknown Source)
... Removed 14 stack frames]]>
    </failure>
  </testcase> <!-- @BeforeTest setUp -->
  <testcase name="@AfterTest cerrarExplorador" time="0.0" classname="com.negativos.mandatorios.TCCamposMandatoriosContactos">
    <skipped/>
  </testcase> <!-- @AfterTest cerrarExplorador -->
  <testcase name="camposMandatoriosContactos" time="0.0" classname="com.negativos.mandatorios.TCCamposMandatoriosContactos">
    <skipped/>
  </testcase> <!-- camposMandatoriosContactos -->
</testsuite> <!-- SecondTest -->
