<?xml version="1.0" encoding="UTF-8"?>
<!-- Generated by org.testng.reporters.JUnitXMLReporter -->
<testsuite hostname="Testing" name="MasProteccion" tests="6" failures="1" timestamp="5 Oct 2015 19:30:53 GMT" time="93.117" errors="0">
  <testcase name="camposMandotoriosAfiliado" time="9.489" classname="com.negativos.mandatorios.TCCamposMandatoriosAfiliado"/>
  <testcase name="camposMandatoriosContactos" time="9.387" classname="com.negativos.mandatorios.TCCamposMandatoriosContactos"/>
  <testcase name="testPantalla3" time="8.021" classname="com.negativos.tiposcampo.TCTiposCamposContactos"/>
  <testcase name="tipoCamposPromotor" time="14.616" classname="com.negativos.tiposcampo.TCTiposCamposPromotor"/>
  <testcase name="camposMandatoriosPromotor" time="6.978" classname="com.negativos.mandatorios.TCCamposMandatoriosPromotor"/>
  <testcase name="testPantalla1" time="10.292" classname="com.negativos.tiposcampo.TCTiposCamposAfiliado">
    <failure type="java.lang.AssertionError">
      <![CDATA[java.lang.AssertionError: 
	at com.negativos.tiposcampo.TCTiposCamposAfiliado.testPantalla1(TCTiposCamposAfiliado.java:105)
	at java.util.concurrent.FutureTask.run(Unknown Source)
	at java.util.concurrent.ThreadPoolExecutor.runWorker(Unknown Source)
	at java.util.concurrent.ThreadPoolExecutor$Worker.run(Unknown Source)
	at java.lang.Thread.run(Unknown Source)
... Removed 19 stack frames]]>
    </failure>
  </testcase> <!-- testPantalla1 -->
</testsuite> <!-- MasProteccion -->
